# JRE version: Java(TM) SE Runtime Environment (8.0_72-b15) (build 1.8.0_72-b15)
# Java VM: Java HotSpot(TM) 64-Bit Server VM (25.72-b15 mixed mode windows-amd64 compressed oops)
Heap:
 PSYoungGen      total 237056K, used 189942K [0x00000000eab00000, 0x00000000fb280000, 0x0000000100000000)
  eden space 221696K, 85% used [0x00000000eab00000,0x00000000f647d840,0x00000000f8380000)
  from space 15360K, 0% used [0x00000000f8380000,0x00000000f8380000,0x00000000f9280000)
  to   space 22016K, 0% used [0x00000000f9d00000,0x00000000f9d00000,0x00000000fb280000)
 ParOldGen       total 52736K, used 42659K [0x00000000c0000000, 0x00000000c3380000, 0x00000000eab00000)
  object space 52736K, 80% used [0x00000000c0000000,0x00000000c29a8e08,0x00000000c3380000)
 Metaspace       used 60796K, capacity 63318K, committed 63616K, reserved 1103872K
  class space    used 8242K, capacity 8726K, committed 8832K, reserved 1048576K
GC Heap History (10 events):
Event: 74.362 GC heap before
{Heap before GC invocations=15 (full 3):
 PSYoungGen      total 185344K, used 5177K [0x00000000eab00000, 0x00000000f6c80000, 0x0000000100000000)
  eden space 173568K, 0% used [0x00000000eab00000,0x00000000eab00000,0x00000000f5480000)
  from space 11776K, 43% used [0x00000000f6100000,0x00000000f660e6e0,0x00000000f6c80000)
  to   space 12288K, 0% used [0x00000000f5480000,0x00000000f5480000,0x00000000f6080000)
 ParOldGen       total 52736K, used 25413K [0x00000000c0000000, 0x00000000c3380000, 0x00000000eab00000)
  object space 52736K, 48% used [0x00000000c0000000,0x00000000c18d1570,0x00000000c3380000)
 Metaspace       used 47770K, capacity 48858K, committed 48896K, reserved 1091584K
  class space    used 6361K, capacity 6634K, committed 6656K, reserved 1048576K
Event: 75.039 GC heap after
Heap after GC invocations=15 (full 3):
 PSYoungGen      total 185344K, used 0K [0x00000000eab00000, 0x00000000f6c80000, 0x0000000100000000)
  eden space 173568K, 0% used [0x00000000eab00000,0x00000000eab00000,0x00000000f5480000)
  from space 11776K, 0% used [0x00000000f6100000,0x00000000f6100000,0x00000000f6c80000)
  to   space 12288K, 0% used [0x00000000f5480000,0x00000000f5480000,0x00000000f6080000)
 ParOldGen       total 52736K, used 24892K [0x00000000c0000000, 0x00000000c3380000, 0x00000000eab00000)
  object space 52736K, 47% used [0x00000000c0000000,0x00000000c184f3b0,0x00000000c3380000)
 Metaspace       used 47751K, capacity 48836K, committed 48896K, reserved 1091584K
  class space    used 6355K, capacity 6628K, committed 6656K, reserved 1048576K
}
Event: 2152.306 GC heap before
{Heap before GC invocations=16 (full 3):
 PSYoungGen      total 185344K, used 173568K [0x00000000eab00000, 0x00000000f6c80000, 0x0000000100000000)
  eden space 173568K, 100% used [0x00000000eab00000,0x00000000f5480000,0x00000000f5480000)
  from space 11776K, 0% used [0x00000000f6100000,0x00000000f6100000,0x00000000f6c80000)
  to   space 12288K, 0% used [0x00000000f5480000,0x00000000f5480000,0x00000000f6080000)
 ParOldGen       total 52736K, used 24892K [0x00000000c0000000, 0x00000000c3380000, 0x00000000eab00000)
  object space 52736K, 47% used [0x00000000c0000000,0x00000000c184f3b0,0x00000000c3380000)
 Metaspace       used 48708K, capacity 50038K, committed 50304K, reserved 1093632K
  class space    used 6415K, capacity 6697K, committed 6784K, reserved 1048576K
Event: 2152.625 GC heap after
Heap after GC invocations=16 (full 3):
 PSYoungGen      total 185856K, used 3296K [0x00000000eab00000, 0x00000000f9e80000, 0x0000000100000000)
  eden space 173568K, 0% used [0x00000000eab00000,0x00000000eab00000,0x00000000f5480000)
  from space 12288K, 26% used [0x00000000f5480000,0x00000000f57b8000,0x00000000f6080000)
  to   space 12288K, 0% used [0x00000000f9280000,0x00000000f9280000,0x00000000f9e80000)
 ParOldGen       total 52736K, used 24900K [0x00000000c0000000, 0x00000000c3380000, 0x00000000eab00000)
  object space 52736K, 47% used [0x00000000c0000000,0x00000000c18513b0,0x00000000c3380000)
 Metaspace       used 48708K, capacity 50038K, committed 50304K, reserved 1093632K
  class space    used 6415K, capacity 6697K, committed 6784K, reserved 1048576K
}
Event: 2173.627 GC heap before
{Heap before GC invocations=17 (full 3):
 PSYoungGen      total 185856K, used 176864K [0x00000000eab00000, 0x00000000f9e80000, 0x0000000100000000)
  eden space 173568K, 100% used [0x00000000eab00000,0x00000000f5480000,0x00000000f5480000)
  from space 12288K, 26% used [0x00000000f5480000,0x00000000f57b8000,0x00000000f6080000)
  to   space 12288K, 0% used [0x00000000f9280000,0x00000000f9280000,0x00000000f9e80000)
 ParOldGen       total 52736K, used 24900K [0x00000000c0000000, 0x00000000c3380000, 0x00000000eab00000)
  object space 52736K, 47% used [0x00000000c0000000,0x00000000c18513b0,0x00000000c3380000)
 Metaspace       used 53595K, capacity 55276K, committed 55424K, reserved 1097728K
  class space    used 7145K, capacity 7500K, committed 7552K, reserved 1048576K
Event: 2173.980 GC heap after
Heap after GC invocations=17 (full 3):
 PSYoungGen      total 233984K, used 12261K [0x00000000eab00000, 0x00000000fa580000, 0x0000000100000000)
  eden space 221696K, 0% used [0x00000000eab00000,0x00000000eab00000,0x00000000f8380000)
  from space 12288K, 99% used [0x00000000f9280000,0x00000000f9e79410,0x00000000f9e80000)
  to   space 15360K, 0% used [0x00000000f8380000,0x00000000f8380000,0x00000000f9280000)
 ParOldGen       total 52736K, used 28787K [0x00000000c0000000, 0x00000000c3380000, 0x00000000eab00000)
  object space 52736K, 54% used [0x00000000c0000000,0x00000000c1c1cd98,0x00000000c3380000)
 Metaspace       used 53595K, capacity 55276K, committed 55424K, reserved 1097728K
  class space    used 7145K, capacity 7500K, committed 7552K, reserved 1048576K
}
Event: 2184.077 GC heap before
{Heap before GC invocations=18 (full 3):
 PSYoungGen      total 233984K, used 146823K [0x00000000eab00000, 0x00000000fa580000, 0x0000000100000000)
  eden space 221696K, 60% used [0x00000000eab00000,0x00000000f2e68b90,0x00000000f8380000)
  from space 12288K, 99% used [0x00000000f9280000,0x00000000f9e79410,0x00000000f9e80000)
  to   space 15360K, 0% used [0x00000000f8380000,0x00000000f8380000,0x00000000f9280000)
 ParOldGen       total 52736K, used 28787K [0x00000000c0000000, 0x00000000c3380000, 0x00000000eab00000)
  object space 52736K, 54% used [0x00000000c0000000,0x00000000c1c1cd98,0x00000000c3380000)
 Metaspace       used 57264K, capacity 59694K, committed 59776K, reserved 1101824K
  class space    used 7806K, capacity 8302K, committed 8320K, reserved 1048576K
Event: 2184.739 GC heap after
Heap after GC invocations=18 (full 3):
 PSYoungGen      total 237056K, used 15352K [0x00000000eab00000, 0x00000000fb280000, 0x0000000100000000)
  eden space 221696K, 0% used [0x00000000eab00000,0x00000000eab00000,0x00000000f8380000)
  from space 15360K, 99% used [0x00000000f8380000,0x00000000f927e220,0x00000000f9280000)
  to   space 22016K, 0% used [0x00000000f9d00000,0x00000000f9d00000,0x00000000fb280000)
 ParOldGen       total 52736K, used 40343K [0x00000000c0000000, 0x00000000c3380000, 0x00000000eab00000)
  object space 52736K, 76% used [0x00000000c0000000,0x00000000c2765ee0,0x00000000c3380000)
 Metaspace       used 57264K, capacity 59694K, committed 59776K, reserved 1101824K
  class space    used 7806K, capacity 8302K, committed 8320K, reserved 1048576K
}
Event: 2184.740 GC heap before
{Heap before GC invocations=19 (full 4):
 PSYoungGen      total 237056K, used 15352K [0x00000000eab00000, 0x00000000fb280000, 0x0000000100000000)
  eden space 221696K, 0% used [0x00000000eab00000,0x00000000eab00000,0x00000000f8380000)
  from space 15360K, 99% used [0x00000000f8380000,0x00000000f927e220,0x00000000f9280000)
  to   space 22016K, 0% used [0x00000000f9d00000,0x00000000f9d00000,0x00000000fb280000)
 ParOldGen       total 52736K, used 40343K [0x00000000c0000000, 0x00000000c3380000, 0x00000000eab00000)
  object space 52736K, 76% used [0x00000000c0000000,0x00000000c2765ee0,0x00000000c3380000)
 Metaspace       used 57264K, capacity 59694K, committed 59776K, reserved 1101824K
  class space    used 7806K, capacity 8302K, committed 8320K, reserved 1048576K
Event: 2186.055 GC heap after
Heap after GC invocations=19 (full 4):
 PSYoungGen      total 237056K, used 0K [0x00000000eab00000, 0x00000000fb280000, 0x0000000100000000)
  eden space 221696K, 0% used [0x00000000eab00000,0x00000000eab00000,0x00000000f8380000)
  from space 15360K, 0% used [0x00000000f8380000,0x00000000f8380000,0x00000000f9280000)
  to   space 22016K, 0% used [0x00000000f9d00000,0x00000000f9d00000,0x00000000fb280000)
 ParOldGen       total 52736K, used 42659K [0x00000000c0000000, 0x00000000c3380000, 0x00000000eab00000)
  object space 52736K, 80% used [0x00000000c0000000,0x00000000c29a8e08,0x00000000c3380000)
 Metaspace       used 56988K, capacity 59244K, committed 59776K, reserved 1101824K
  class space    used 7758K, capacity 8218K, committed 8320K, reserved 1048576K
}

